<?xml version="1.0" encoding="UTF-8"?>
<testng-results ignored="0" total="1" passed="1" failed="0" skipped="0">
  <reporter-output>
  </reporter-output>
  <suite started-at="2023-01-11T12:21:47 GMT" name="Default suite" finished-at="2023-01-11T12:22:33 GMT" duration-ms="46215">
    <groups>
    </groups>
    <test started-at="2023-01-11T12:21:47 GMT" name="Default test" finished-at="2023-01-11T12:22:33 GMT" duration-ms="46215">
      <class name="TestNGImplemenattion.CreateAndDuplicateLeadTest">
        <test-method is-config="true" signature="classSetup()[pri:0, instance:TestNGImplemenattion.CreateAndDuplicateLeadTest@1d119efb]" started-at="2023-01-11T12:21:47 GMT" name="classSetup" finished-at="2023-01-11T12:22:00 GMT" duration-ms="12311" status="PASS">
          <reporter-output>
          </reporter-output>
        </test-method> <!-- classSetup -->
        <test-method is-config="true" signature="methodsetup()[pri:0, instance:TestNGImplemenattion.CreateAndDuplicateLeadTest@1d119efb]" started-at="2023-01-11T12:22:00 GMT" name="methodsetup" finished-at="2023-01-11T12:22:07 GMT" duration-ms="6985" status="PASS">
          <reporter-output>
          </reporter-output>
        </test-method> <!-- methodsetup -->
        <test-method signature="createDuplicateLeadTest()[pri:0, instance:TestNGImplemenattion.CreateAndDuplicateLeadTest@1d119efb]" started-at="2023-01-11T12:22:07 GMT" name="createDuplicateLeadTest" finished-at="2023-01-11T12:22:32 GMT" duration-ms="25187" status="PASS">
          <reporter-output>
          </reporter-output>
        </test-method> <!-- createDuplicateLeadTest -->
        <test-method is-config="true" signature="methodTeardown()[pri:0, instance:TestNGImplemenattion.CreateAndDuplicateLeadTest@1d119efb]" started-at="2023-01-11T12:22:32 GMT" name="methodTeardown" finished-at="2023-01-11T12:22:33 GMT" duration-ms="1400" status="PASS">
          <reporter-output>
          </reporter-output>
        </test-method> <!-- methodTeardown -->
        <test-method is-config="true" signature="classTeardown()[pri:0, instance:TestNGImplemenattion.CreateAndDuplicateLeadTest@1d119efb]" started-at="2023-01-11T12:22:33 GMT" name="classTeardown" finished-at="2023-01-11T12:22:33 GMT" duration-ms="161" status="PASS">
          <reporter-output>
          </reporter-output>
        </test-method> <!-- classTeardown -->
      </class> <!-- TestNGImplemenattion.CreateAndDuplicateLeadTest -->
    </test> <!-- Default test -->
  </suite> <!-- Default suite -->
</testng-results>
